<?xml version="1.0" encoding="UTF-8" standalone="no"?>
<testsuite failures="0" name="cucumber.runtime.formatter.JUnitFormatter" skipped="0" tests="2" time="21.462463">
<testcase classname="Free CRM Login Functionality" name="Free CRM Login Test Scenario" time="14.795924">
<system-out><![CDATA[Given user is already on Login Page.........................................passed
When title of Login Page is Free CRM........................................passed
Then user enters "yumukhov" and "123456"....................................passed
Then user clicks on Login button............................................passed
Then user is on Home Page...................................................passed
]]></system-out>
</testcase>
<testcase classname="Free CRM Login Functionality" name="Free CRM Login Test Scenario 2" time="6.666539">
<system-out><![CDATA[Given user is already on Login Page.........................................passed
When title of Login Page is Free CRM........................................passed
Then user enters "yumukhov" and "123456"....................................passed
Then user clicks on Login button............................................passed
Then user is on Home Page...................................................passed
]]></system-out>
</testcase>
</testsuite>
